[2026-05-11T22:07:49.525349600] STRATEGY_CHANGE: Switched to File logging
[2026-05-11T22:07:51.774364800] SHAPE_ADD: LINE [x=375.99999999999994, y=149.6, w=0.0, h=0.0]
[2026-05-11T22:07:53.278560800] SHAPE_ADD: LINE [x=625.5999999999999, y=312.8, w=0.0, h=0.0]
[2026-05-11T22:07:56.201631] SHAPE_ADD: LINE [x=695.2, y=139.2, w=0.0, h=0.0]
[2026-05-11T22:08:08.240676] SHAPE_ADD: LINE [x=328.0, y=146.4, w=0.0, h=0.0]
[2026-05-11T22:08:11.942002600] SHAPE_ADD: LINE [x=347.99999999999994, y=316.0, w=0.0, h=0.0]
[2026-05-11T22:08:13.671788900] SHAPE_ADD: LINE [x=786.4000000000001, y=310.4, w=0.0, h=0.0]
[2026-05-11T22:08:15.530265300] SHAPE_ADD: LINE [x=762.4000000000001, y=78.4, w=0.0, h=0.0]
[2026-05-11T22:08:19.235619200] SAVE: Drawing saved, ID=1, shapes=8
[2026-05-11T22:08:21.757226900] SAVE: Drawing saved, ID=2, shapes=8
[2026-05-11T22:08:22.711406100] SAVE: Drawing saved, ID=3, shapes=8
[2026-05-11T22:08:38.036475700] SHAPE_ADD: LINE [x=175.2, y=97.6, w=0.0, h=0.0]
[2026-05-11T22:08:39.141850500] SHAPE_ADD: LINE [x=900.8, y=76.80000000000001, w=0.0, h=0.0]
[2026-05-11T22:08:39.924499200] SHAPE_ADD: LINE [x=224.0, y=372.0, w=0.0, h=0.0]
[2026-05-11T22:08:40.567748200] SHAPE_ADD: LINE [x=748.0, y=478.4, w=0.0, h=0.0]
[2026-05-11T22:08:43.569270200] SAVE: Drawing saved, ID=4, shapes=12
[2026-05-11T22:08:48.430154500] OPEN: Loaded drawing ID=1
[2026-05-11T22:08:51.979910700] CLEAR: Canvas cleared
[2026-05-11T22:08:55.094539700] OPEN: Loaded drawing ID=4
[2026-05-11T22:09:02.227145200] SHAPE_ADD: LINE [x=242.39999999999998, y=127.19999999999999, w=0.0, h=0.0]
[2026-05-11T22:09:04.003714300] SHAPE_DELETE: LINE [x=175.2, y=97.6, w=0.0, h=0.0]
[2026-05-11T22:09:05.080411600] UNDO: Delete LINE
[2026-05-11T22:09:05.283445100] UNDO: Add LINE
[2026-05-11T22:09:07.192633800] SHAPE_ADD: LINE [x=386.40000000000003, y=74.4, w=0.0, h=0.0]
[2026-05-11T22:09:08.192023600] UNDO: Add LINE
[2026-05-11T22:09:08.990236600] CLEAR: Canvas cleared
[2026-05-11T22:09:10.947896100] SHAPE_ADD: LINE [x=204.0, y=145.6, w=0.0, h=0.0]
[2026-05-11T22:09:11.892049400] UNDO: Add LINE
[2026-05-11T22:09:13.276580100] SHAPE_ADD: LINE [x=359.99999999999994, y=109.6, w=0.0, h=0.0]
[2026-05-11T22:09:13.920429] SHAPE_ADD: LINE [x=437.59999999999997, y=406.4, w=0.0, h=0.0]
[2026-05-11T22:09:15.529587400] SHAPE_ADD: LINE [x=498.40000000000003, y=269.6, w=0.0, h=0.0]
[2026-05-11T22:09:17.815546300] SHAPE_DELETE: LINE [x=359.99999999999994, y=109.6, w=0.0, h=0.0]
[2026-05-11T22:09:21.416854800] SHAPE_DELETE: LINE [x=437.59999999999997, y=406.4, w=0.0, h=0.0]
[2026-05-11T22:09:26.986606800] STRATEGY_CHANGE: Switched to File logging
